<?xml version="1.0" encoding="UTF-8"?>
<!-- Generated by org.testng.reporters.JUnitReportReporter -->
<testsuite hostname="LAPTOP-6CU78GFM" failures="0" tests="1" name="tests.BookStoreTests" time="6.860" errors="0" timestamp="2024-04-06T11:42:29 GMT-04:00" skipped="0">
  <testcase classname="tests.BookStoreTests" name="serach_book" time="6.860"/>
  <system-out/>
</testsuite> <!-- tests.BookStoreTests -->
