<?xml version="1.0" encoding="UTF-8"?>
<!-- Generated by org.testng.reporters.JUnitReportReporter -->
<testsuite hostname="LAPTOP-6CU78GFM" failures="0" tests="1" name="tests.LoginTests" time="7.077" errors="0" timestamp="2024-04-06T11:31:00 GMT-04:00" skipped="0">
  <testcase classname="tests.LoginTests" name="login_with_valid_credentials" time="7.077"/>
  <system-out/>
</testsuite> <!-- tests.LoginTests -->
